{
  "numFailedTestSuites": 2,
  "numFailedTests": 6,
  "numPassedTestSuites": 16,
  "numPassedTests": 99,
  "numPendingTestSuites": 1,
  "numPendingTests": 13,
  "numRuntimeErrorTestSuites": 0,
  "numTodoTests": 0,
  "numTotalTestSuites": 19,
  "numTotalTests": 118,
  "openHandles": [],
  "snapshot": {
    "added": 0,
    "didUpdate": false,
    "failure": false,
    "filesAdded": 0,
    "filesRemoved": 0,
    "filesRemovedList": [],
    "filesUnmatched": 0,
    "filesUpdated": 0,
    "matched": 0,
    "total": 0,
    "unchecked": 0,
    "uncheckedKeysByFile": [],
    "unmatched": 0,
    "updated": 0
  },
  "startTime": 1774767182456,
  "success": false,
  "testResults": [
    {
      "assertionResults": [
        {
          "ancestorTitles": ["Notification Cleanup Strategy"],
          "duration": 7,
          "failing": false,
          "failureDetails": [{}],
          "failureMessages": [
            "TypeError: mockedQuery.mockResolvedValue is not a function\n    at Object.<anonymous> (/home/blurbeast/works/waves/remitlendd/backend/src/tests/notificationCleanup.test.ts:18:17)\n    at Promise.finally.completed (/home/blurbeast/works/waves/remitlendd/backend/node_modules/jest-circus/build/jestAdapterInit.js:1557:28)\n    at new Promise (<anonymous>)\n    at callAsyncCircusFn (/home/blurbeast/works/waves/remitlendd/backend/node_modules/jest-circus/build/jestAdapterInit.js:1497:10)\n    at _callCircusTest (/home/blurbeast/works/waves/remitlendd/backend/node_modules/jest-circus/build/jestAdapterInit.js:1007:40)\n    at processTicksAndRejections (node:internal/process/task_queues:104:5)\n    at _runTest (/home/blurbeast/works/waves/remitlendd/backend/node_modules/jest-circus/build/jestAdapterInit.js:947:3)\n    at /home/blurbeast/works/waves/remitlendd/backend/node_modules/jest-circus/build/jestAdapterInit.js:849:7\n    at _runTestsForDescribeBlock (/home/blurbeast/works/waves/remitlendd/backend/node_modules/jest-circus/build/jestAdapterInit.js:862:11)\n    at _runTestsForDescribeBlock (/home/blurbeast/works/waves/remitlendd/backend/node_modules/jest-circus/build/jestAdapterInit.js:857:11)\n    at run (/home/blurbeast/works/waves/remitlendd/backend/node_modules/jest-circus/build/jestAdapterInit.js:761:3)\n    at runAndTransformResultsToJestFormat (/home/blurbeast/works/waves/remitlendd/backend/node_modules/jest-circus/build/jestAdapterInit.js:1918:21)\n    at jestAdapter (/home/blurbeast/works/waves/remitlendd/backend/node_modules/jest-circus/build/runner.js:101:19)\n    at runTestInternal (/home/blurbeast/works/waves/remitlendd/backend/node_modules/jest-runner/build/testWorker.js:275:16)\n    at runTest (/home/blurbeast/works/waves/remitlendd/backend/node_modules/jest-runner/build/testWorker.js:343:7)\n    at Object.worker (/home/blurbeast/works/waves/remitlendd/backend/node_modules/jest-runner/build/testWorker.js:497:12)"
          ],
          "fullName": "Notification Cleanup Strategy should delete notifications older than the retention threshold",
          "invocations": 1,
          "location": null,
          "numPassingAsserts": 0,
          "retryReasons": [],
          "startAt": 1774767184151,
          "status": "failed",
          "title": "should delete notifications older than the retention threshold"
        },
        {
          "ancestorTitles": ["Notification Cleanup Strategy"],
          "duration": 1,
          "failing": false,
          "failureDetails": [{}],
          "failureMessages": [
            "TypeError: mockedQuery.mockResolvedValue is not a function\n    at Object.<anonymous> (/home/blurbeast/works/waves/remitlendd/backend/src/tests/notificationCleanup.test.ts:30:17)\n    at Promise.finally.completed (/home/blurbeast/works/waves/remitlendd/backend/node_modules/jest-circus/build/jestAdapterInit.js:1557:28)\n    at new Promise (<anonymous>)\n    at callAsyncCircusFn (/home/blurbeast/works/waves/remitlendd/backend/node_modules/jest-circus/build/jestAdapterInit.js:1497:10)\n    at _callCircusTest (/home/blurbeast/works/waves/remitlendd/backend/node_modules/jest-circus/build/jestAdapterInit.js:1007:40)\n    at processTicksAndRejections (node:internal/process/task_queues:104:5)\n    at _runTest (/home/blurbeast/works/waves/remitlendd/backend/node_modules/jest-circus/build/jestAdapterInit.js:947:3)\n    at /home/blurbeast/works/waves/remitlendd/backend/node_modules/jest-circus/build/jestAdapterInit.js:849:7\n    at _runTestsForDescribeBlock (/home/blurbeast/works/waves/remitlendd/backend/node_modules/jest-circus/build/jestAdapterInit.js:862:11)\n    at _runTestsForDescribeBlock (/home/blurbeast/works/waves/remitlendd/backend/node_modules/jest-circus/build/jestAdapterInit.js:857:11)\n    at run (/home/blurbeast/works/waves/remitlendd/backend/node_modules/jest-circus/build/jestAdapterInit.js:761:3)\n    at runAndTransformResultsToJestFormat (/home/blurbeast/works/waves/remitlendd/backend/node_modules/jest-circus/build/jestAdapterInit.js:1918:21)\n    at jestAdapter (/home/blurbeast/works/waves/remitlendd/backend/node_modules/jest-circus/build/runner.js:101:19)\n    at runTestInternal (/home/blurbeast/works/waves/remitlendd/backend/node_modules/jest-runner/build/testWorker.js:275:16)\n    at runTest (/home/blurbeast/works/waves/remitlendd/backend/node_modules/jest-runner/build/testWorker.js:343:7)\n    at Object.worker (/home/blurbeast/works/waves/remitlendd/backend/node_modules/jest-runner/build/testWorker.js:497:12)"
          ],
          "fullName": "Notification Cleanup Strategy should return 0 if no notifications are deleted",
          "invocations": 1,
          "location": null,
          "numPassingAsserts": 0,
          "retryReasons": [],
          "startAt": 1774767184170,
          "status": "failed",
          "title": "should return 0 if no notifications are deleted"
        },
        {
          "ancestorTitles": ["Notification Cleanup Strategy"],
          "duration": 1,
          "failing": false,
          "failureDetails": [{}],
          "failureMessages": [
            "TypeError: mockedQuery.mockRejectedValue is not a function\n    at Object.<anonymous> (/home/blurbeast/works/waves/remitlendd/backend/src/tests/notificationCleanup.test.ts:38:17)\n    at Promise.finally.completed (/home/blurbeast/works/waves/remitlendd/backend/node_modules/jest-circus/build/jestAdapterInit.js:1557:28)\n    at new Promise (<anonymous>)\n    at callAsyncCircusFn (/home/blurbeast/works/waves/remitlendd/backend/node_modules/jest-circus/build/jestAdapterInit.js:1497:10)\n    at _callCircusTest (/home/blurbeast/works/waves/remitlendd/backend/node_modules/jest-circus/build/jestAdapterInit.js:1007:40)\n    at processTicksAndRejections (node:internal/process/task_queues:104:5)\n    at _runTest (/home/blurbeast/works/waves/remitlendd/backend/node_modules/jest-circus/build/jestAdapterInit.js:947:3)\n    at /home/blurbeast/works/waves/remitlendd/backend/node_modules/jest-circus/build/jestAdapterInit.js:849:7\n    at _runTestsForDescribeBlock (/home/blurbeast/works/waves/remitlendd/backend/node_modules/jest-circus/build/jestAdapterInit.js:862:11)\n    at _runTestsForDescribeBlock (/home/blurbeast/works/waves/remitlendd/backend/node_modules/jest-circus/build/jestAdapterInit.js:857:11)\n    at run (/home/blurbeast/works/waves/remitlendd/backend/node_modules/jest-circus/build/jestAdapterInit.js:761:3)\n    at runAndTransformResultsToJestFormat (/home/blurbeast/works/waves/remitlendd/backend/node_modules/jest-circus/build/jestAdapterInit.js:1918:21)\n    at jestAdapter (/home/blurbeast/works/waves/remitlendd/backend/node_modules/jest-circus/build/runner.js:101:19)\n    at runTestInternal (/home/blurbeast/works/waves/remitlendd/backend/node_modules/jest-runner/build/testWorker.js:275:16)\n    at runTest (/home/blurbeast/works/waves/remitlendd/backend/node_modules/jest-runner/build/testWorker.js:343:7)\n    at Object.worker (/home/blurbeast/works/waves/remitlendd/backend/node_modules/jest-runner/build/testWorker.js:497:12)"
          ],
          "fullName": "Notification Cleanup Strategy should handle database errors gracefully",
          "invocations": 1,
          "location": null,
          "numPassingAsserts": 0,
          "retryReasons": [],
          "startAt": 1774767184172,
          "status": "failed",
          "title": "should handle database errors gracefully"
        }
      ],
      "endTime": 1774767184211,
      "message": "\u001b[1m\u001b[31m  \u001b[1m● \u001b[22m\u001b[1mNotification Cleanup Strategy › should delete notifications older than the retention threshold\u001b[39m\u001b[22m\n\n    TypeError: mockedQuery.mockResolvedValue is not a function\n\u001b[2m\u001b[22m\n\u001b[2m    \u001b[0m \u001b[90m 16 |\u001b[39m     \u001b[22m\n\u001b[2m     \u001b[90m 17 |\u001b[39m     \u001b[90m// Mock the query result to simulate successful deletion of 2 rows\u001b[39m\u001b[22m\n\u001b[2m    \u001b[31m\u001b[1m>\u001b[22m\u001b[2m\u001b[39m\u001b[90m 18 |\u001b[39m     mockedQuery\u001b[33m.\u001b[39mmockResolvedValue({ rowCount\u001b[33m:\u001b[39m \u001b[35m2\u001b[39m } \u001b[36mas\u001b[39m any)\u001b[33m;\u001b[39m\u001b[22m\n\u001b[2m     \u001b[90m    |\u001b[39m                 \u001b[31m\u001b[1m^\u001b[22m\u001b[2m\u001b[39m\u001b[22m\n\u001b[2m     \u001b[90m 19 |\u001b[39m\u001b[22m\n\u001b[2m     \u001b[90m 20 |\u001b[39m     \u001b[36mconst\u001b[39m deletedCount \u001b[33m=\u001b[39m \u001b[36mawait\u001b[39m notificationService\u001b[33m.\u001b[39mdeleteOldNotifications(retentionDays)\u001b[33m;\u001b[39m\u001b[22m\n\u001b[2m     \u001b[90m 21 |\u001b[39m\u001b[0m\u001b[22m\n\u001b[2m\u001b[22m\n\u001b[2m      \u001b[2mat Object.<anonymous> (\u001b[22m\u001b[2m\u001b[0m\u001b[36msrc/tests/notificationCleanup.test.ts\u001b[39m\u001b[0m\u001b[2m:18:17)\u001b[22m\u001b[2m\u001b[22m\n\n\u001b[1m\u001b[31m  \u001b[1m● \u001b[22m\u001b[1mNotification Cleanup Strategy › should return 0 if no notifications are deleted\u001b[39m\u001b[22m\n\n    TypeError: mockedQuery.mockResolvedValue is not a function\n\u001b[2m\u001b[22m\n\u001b[2m    \u001b[0m \u001b[90m 28 |\u001b[39m\u001b[22m\n\u001b[2m     \u001b[90m 29 |\u001b[39m   it(\u001b[32m\"should return 0 if no notifications are deleted\"\u001b[39m\u001b[33m,\u001b[39m \u001b[36masync\u001b[39m () \u001b[33m=>\u001b[39m {\u001b[22m\n\u001b[2m    \u001b[31m\u001b[1m>\u001b[22m\u001b[2m\u001b[39m\u001b[90m 30 |\u001b[39m     mockedQuery\u001b[33m.\u001b[39mmockResolvedValue({ rowCount\u001b[33m:\u001b[39m \u001b[35m0\u001b[39m } \u001b[36mas\u001b[39m any)\u001b[33m;\u001b[39m\u001b[22m\n\u001b[2m     \u001b[90m    |\u001b[39m                 \u001b[31m\u001b[1m^\u001b[22m\u001b[2m\u001b[39m\u001b[22m\n\u001b[2m     \u001b[90m 31 |\u001b[39m\u001b[22m\n\u001b[2m     \u001b[90m 32 |\u001b[39m     \u001b[36mconst\u001b[39m deletedCount \u001b[33m=\u001b[39m \u001b[36mawait\u001b[39m notificationService\u001b[33m.\u001b[39mdeleteOldNotifications(\u001b[35m90\u001b[39m)\u001b[33m;\u001b[39m\u001b[22m\n\u001b[2m     \u001b[90m 33 |\u001b[39m\u001b[0m\u001b[22m\n\u001b[2m\u001b[22m\n\u001b[2m      \u001b[2mat Object.<anonymous> (\u001b[22m\u001b[2m\u001b[0m\u001b[36msrc/tests/notificationCleanup.test.ts\u001b[39m\u001b[0m\u001b[2m:30:17)\u001b[22m\u001b[2m\u001b[22m\n\n\u001b[1m\u001b[31m  \u001b[1m● \u001b[22m\u001b[1mNotification Cleanup Strategy › should handle database errors gracefully\u001b[39m\u001b[22m\n\n    TypeError: mockedQuery.mockRejectedValue is not a function\n\u001b[2m\u001b[22m\n\u001b[2m    \u001b[0m \u001b[90m 36 |\u001b[39m\u001b[22m\n\u001b[2m     \u001b[90m 37 |\u001b[39m   it(\u001b[32m\"should handle database errors gracefully\"\u001b[39m\u001b[33m,\u001b[39m \u001b[36masync\u001b[39m () \u001b[33m=>\u001b[39m {\u001b[22m\n\u001b[2m    \u001b[31m\u001b[1m>\u001b[22m\u001b[2m\u001b[39m\u001b[90m 38 |\u001b[39m     mockedQuery\u001b[33m.\u001b[39mmockRejectedValue(\u001b[36mnew\u001b[39m \u001b[33mError\u001b[39m(\u001b[32m\"Database error\"\u001b[39m) \u001b[36mas\u001b[39m never)\u001b[33m;\u001b[39m\u001b[22m\n\u001b[2m     \u001b[90m    |\u001b[39m                 \u001b[31m\u001b[1m^\u001b[22m\u001b[2m\u001b[39m\u001b[22m\n\u001b[2m     \u001b[90m 39 |\u001b[39m\u001b[22m\n\u001b[2m     \u001b[90m 40 |\u001b[39m     \u001b[36mconst\u001b[39m deletedCount \u001b[33m=\u001b[39m \u001b[36mawait\u001b[39m notificationService\u001b[33m.\u001b[39mdeleteOldNotifications(\u001b[35m90\u001b[39m)\u001b[33m;\u001b[39m\u001b[22m\n\u001b[2m     \u001b[90m 41 |\u001b[39m\u001b[0m\u001b[22m\n\u001b[2m\u001b[22m\n\u001b[2m      \u001b[2mat Object.<anonymous> (\u001b[22m\u001b[2m\u001b[0m\u001b[36msrc/tests/notificationCleanup.test.ts\u001b[39m\u001b[0m\u001b[2m:38:17)\u001b[22m\u001b[2m\u001b[22m\n",
      "name": "/home/blurbeast/works/waves/remitlendd/backend/src/tests/notificationCleanup.test.ts",
      "startTime": 1774767183205,
      "status": "failed",
      "summary": ""
    },
    {
      "assertionResults": [
        {
          "ancestorTitles": [
            "Database Services (skipped: no database)",
            "UserProfileService"
          ],
          "duration": null,
          "failing": false,
          "failureDetails": [],
          "failureMessages": [],
          "fullName": "Database Services (skipped: no database) UserProfileService should create a user profile",
          "invocations": 1,
          "location": null,
          "numPassingAsserts": 0,
          "retryReasons": [],
          "startAt": 1774767184228,
          "status": "pending",
          "title": "should create a user profile"
        },
        {
          "ancestorTitles": [
            "Database Services (skipped: no database)",
            "UserProfileService"
          ],
          "duration": null,
          "failing": false,
          "failureDetails": [],
          "failureMessages": [],
          "fullName": "Database Services (skipped: no database) UserProfileService should find profile by public key",
          "invocations": 1,
          "location": null,
          "numPassingAsserts": 0,
          "retryReasons": [],
          "startAt": 1774767184228,
          "status": "pending",
          "title": "should find profile by public key"
        },
        {
          "ancestorTitles": [
            "Database Services (skipped: no database)",
            "UserProfileService"
          ],
          "duration": null,
          "failing": false,
          "failureDetails": [],
          "failureMessages": [],
          "fullName": "Database Services (skipped: no database) UserProfileService should update a user profile",
          "invocations": 1,
          "location": null,
          "numPassingAsserts": 0,
          "retryReasons": [],
          "startAt": 1774767184229,
          "status": "pending",
          "title": "should update a user profile"
        },
        {
          "ancestorTitles": [
            "Database Services (skipped: no database)",
            "UserProfileService"
          ],
          "duration": null,
          "failing": false,
          "failureDetails": [],
          "failureMessages": [],
          "fullName": "Database Services (skipped: no database) UserProfileService should upsert a user profile",
          "invocations": 1,
          "location": null,
          "numPassingAsserts": 0,
          "retryReasons": [],
          "startAt": 1774767184229,
          "status": "pending",
          "title": "should upsert a user profile"
        },
        {
          "ancestorTitles": [
            "Database Services (skipped: no database)",
            "UserProfileService"
          ],
          "duration": null,
          "failing": false,
          "failureDetails": [],
          "failureMessages": [],
          "fullName": "Database Services (skipped: no database) UserProfileService should delete a user profile",
          "invocations": 1,
          "location": null,
          "numPassingAsserts": 0,
          "retryReasons": [],
          "startAt": 1774767184229,
          "status": "pending",
          "title": "should delete a user profile"
        },
        {
          "ancestorTitles": [
            "Database Services (skipped: no database)",
            "LoanHistoryService"
          ],
          "duration": null,
          "failing": false,
          "failureDetails": [],
          "failureMessages": [],
          "fullName": "Database Services (skipped: no database) LoanHistoryService should create a loan history record",
          "invocations": 1,
          "location": null,
          "numPassingAsserts": 0,
          "retryReasons": [],
          "startAt": 1774767184229,
          "status": "pending",
          "title": "should create a loan history record"
        },
        {
          "ancestorTitles": [
            "Database Services (skipped: no database)",
            "LoanHistoryService"
          ],
          "duration": null,
          "failing": false,
          "failureDetails": [],
          "failureMessages": [],
          "fullName": "Database Services (skipped: no database) LoanHistoryService should find loans by borrower",
          "invocations": 1,
          "location": null,
          "numPassingAsserts": 0,
          "retryReasons": [],
          "startAt": 1774767184229,
          "status": "pending",
          "title": "should find loans by borrower"
        },
        {
          "ancestorTitles": [
            "Database Services (skipped: no database)",
            "LoanHistoryService"
          ],
          "duration": null,
          "failing": false,
          "failureDetails": [],
          "failureMessages": [],
          "fullName": "Database Services (skipped: no database) LoanHistoryService should update loan status",
          "invocations": 1,
          "location": null,
          "numPassingAsserts": 0,
          "retryReasons": [],
          "startAt": 1774767184229,
          "status": "pending",
          "title": "should update loan status"
        },
        {
          "ancestorTitles": [
            "Database Services (skipped: no database)",
            "IndexedEventsService"
          ],
          "duration": null,
          "failing": false,
          "failureDetails": [],
          "failureMessages": [],
          "fullName": "Database Services (skipped: no database) IndexedEventsService should create an indexed event",
          "invocations": 1,
          "location": null,
          "numPassingAsserts": 0,
          "retryReasons": [],
          "startAt": 1774767184229,
          "status": "pending",
          "title": "should create an indexed event"
        },
        {
          "ancestorTitles": [
            "Database Services (skipped: no database)",
            "IndexedEventsService"
          ],
          "duration": null,
          "failing": false,
          "failureDetails": [],
          "failureMessages": [],
          "fullName": "Database Services (skipped: no database) IndexedEventsService should find unprocessed events",
          "invocations": 1,
          "location": null,
          "numPassingAsserts": 0,
          "retryReasons": [],
          "startAt": 1774767184229,
          "status": "pending",
          "title": "should find unprocessed events"
        },
        {
          "ancestorTitles": [
            "Database Services (skipped: no database)",
            "IndexedEventsService"
          ],
          "duration": null,
          "failing": false,
          "failureDetails": [],
          "failureMessages": [],
          "fullName": "Database Services (skipped: no database) IndexedEventsService should mark event as processed",
          "invocations": 1,
          "location": null,
          "numPassingAsserts": 0,
          "retryReasons": [],
          "startAt": 1774767184230,
          "status": "pending",
          "title": "should mark event as processed"
        },
        {
          "ancestorTitles": [
            "Database Services (skipped: no database)",
            "IndexedEventsService"
          ],
          "duration": null,
          "failing": false,
          "failureDetails": [],
          "failureMessages": [],
          "fullName": "Database Services (skipped: no database) IndexedEventsService should find events by transaction hash",
          "invocations": 1,
          "location": null,
          "numPassingAsserts": 0,
          "retryReasons": [],
          "startAt": 1774767184230,
          "status": "pending",
          "title": "should find events by transaction hash"
        },
        {
          "ancestorTitles": [
            "Database Services (skipped: no database)",
            "DatabaseService"
          ],
          "duration": null,
          "failing": false,
          "failureDetails": [],
          "failureMessages": [],
          "fullName": "Database Services (skipped: no database) DatabaseService should perform health check",
          "invocations": 1,
          "location": null,
          "numPassingAsserts": 0,
          "retryReasons": [],
          "startAt": 1774767184230,
          "status": "pending",
          "title": "should perform health check"
        }
      ],
      "coverage": {},
      "endTime": 1774767190151,
      "message": "",
      "name": "/home/blurbeast/works/waves/remitlendd/backend/src/__tests__/database.test.ts",
      "startTime": 1774767190151,
      "status": "skipped",
      "summary": ""
    },
    {
      "assertionResults": [
        {
          "ancestorTitles": ["Audit Log Middleware"],
          "duration": 68,
          "failing": false,
          "failureDetails": [{}],
          "failureMessages": [
            "Error: \u001b[2mexpect(\u001b[22m\u001b[31mreceived\u001b[39m\u001b[2m).\u001b[22mtoHaveBeenCalledWith\u001b[2m(\u001b[22m\u001b[32m...expected\u001b[39m\u001b[2m)\u001b[22m\n\n\u001b[1mMatcher error\u001b[22m: \u001b[31mreceived\u001b[39m value must be a mock or spy function\n\nReceived has type:  function\nReceived has value: \u001b[31m[Function query]\u001b[39m\n    at Object.<anonymous> (/home/blurbeast/works/waves/remitlendd/backend/src/tests/auditLog.test.ts:42:25)"
          ],
          "fullName": "Audit Log Middleware should log admin action to audit_logs table",
          "invocations": 1,
          "location": null,
          "numPassingAsserts": 1,
          "retryReasons": [],
          "startAt": 1774767184168,
          "status": "failed",
          "title": "should log admin action to audit_logs table"
        },
        {
          "ancestorTitles": ["Audit Log Middleware"],
          "duration": 21,
          "failing": false,
          "failureDetails": [{}],
          "failureMessages": [
            "Error: \u001b[2mexpect(\u001b[22m\u001b[31mreceived\u001b[39m\u001b[2m).\u001b[22mtoHaveBeenCalledWith\u001b[2m(\u001b[22m\u001b[32m...expected\u001b[39m\u001b[2m)\u001b[22m\n\n\u001b[1mMatcher error\u001b[22m: \u001b[31mreceived\u001b[39m value must be a mock or spy function\n\nReceived has type:  function\nReceived has value: \u001b[31m[Function query]\u001b[39m\n    at Object.<anonymous> (/home/blurbeast/works/waves/remitlendd/backend/src/tests/auditLog.test.ts:63:25)"
          ],
          "fullName": "Audit Log Middleware should redact sensitive fields in payload",
          "invocations": 1,
          "location": null,
          "numPassingAsserts": 0,
          "retryReasons": [],
          "startAt": 1774767184258,
          "status": "failed",
          "title": "should redact sensitive fields in payload"
        },
        {
          "ancestorTitles": ["Audit Log Middleware"],
          "duration": 12,
          "failing": false,
          "failureDetails": [{}],
          "failureMessages": [
            "Error: \u001b[2mexpect(\u001b[22m\u001b[31mreceived\u001b[39m\u001b[2m).\u001b[22mtoHaveBeenCalledWith\u001b[2m(\u001b[22m\u001b[32m...expected\u001b[39m\u001b[2m)\u001b[22m\n\n\u001b[1mMatcher error\u001b[22m: \u001b[31mreceived\u001b[39m value must be a mock or spy function\n\nReceived has type:  function\nReceived has value: \u001b[31m[Function query]\u001b[39m\n    at Object.<anonymous> (/home/blurbeast/works/waves/remitlendd/backend/src/tests/auditLog.test.ts:95:19)"
          ],
          "fullName": "Audit Log Middleware should identify actor from JWT if present",
          "invocations": 1,
          "location": null,
          "numPassingAsserts": 0,
          "retryReasons": [],
          "startAt": 1774767184280,
          "status": "failed",
          "title": "should identify actor from JWT if present"
        }
      ],
      "endTime": 1774767184332,
      "message": "\u001b[1m\u001b[31m  \u001b[1m● \u001b[22m\u001b[1mAudit Log Middleware › should log admin action to audit_logs table\u001b[39m\u001b[22m\n\n    \u001b[2mexpect(\u001b[22m\u001b[31mreceived\u001b[39m\u001b[2m).\u001b[22mtoHaveBeenCalledWith\u001b[2m(\u001b[22m\u001b[32m...expected\u001b[39m\u001b[2m)\u001b[22m\n\n    \u001b[1mMatcher error\u001b[22m: \u001b[31mreceived\u001b[39m value must be a mock or spy function\n\n    Received has type:  function\n    Received has value: \u001b[31m[Function query]\u001b[39m\n\u001b[2m\u001b[22m\n\u001b[2m    \u001b[0m \u001b[90m 40 |\u001b[39m     \u001b[36mawait\u001b[39m \u001b[36mnew\u001b[39m \u001b[33mPromise\u001b[39m((resolve) \u001b[33m=>\u001b[39m setTimeout(resolve\u001b[33m,\u001b[39m \u001b[35m10\u001b[39m))\u001b[33m;\u001b[39m\u001b[22m\n\u001b[2m     \u001b[90m 41 |\u001b[39m\u001b[22m\n\u001b[2m    \u001b[31m\u001b[1m>\u001b[22m\u001b[2m\u001b[39m\u001b[90m 42 |\u001b[39m     expect(mockedQuery)\u001b[33m.\u001b[39mtoHaveBeenCalledWith(\u001b[22m\n\u001b[2m     \u001b[90m    |\u001b[39m                         \u001b[31m\u001b[1m^\u001b[22m\u001b[2m\u001b[39m\u001b[22m\n\u001b[2m     \u001b[90m 43 |\u001b[39m       expect\u001b[33m.\u001b[39mstringContaining(\u001b[32m\"INSERT INTO audit_logs\"\u001b[39m)\u001b[33m,\u001b[39m\u001b[22m\n\u001b[2m     \u001b[90m 44 |\u001b[39m       expect\u001b[33m.\u001b[39marrayContaining([\u001b[22m\n\u001b[2m     \u001b[90m 45 |\u001b[39m         \u001b[32m\"INTERNAL_API_KEY\"\u001b[39m\u001b[33m,\u001b[39m\u001b[0m\u001b[22m\n\u001b[2m\u001b[22m\n\u001b[2m      \u001b[2mat Object.<anonymous> (\u001b[22m\u001b[2m\u001b[0m\u001b[36msrc/tests/auditLog.test.ts\u001b[39m\u001b[0m\u001b[2m:42:25)\u001b[22m\u001b[2m\u001b[22m\n\n\u001b[1m\u001b[31m  \u001b[1m● \u001b[22m\u001b[1mAudit Log Middleware › should redact sensitive fields in payload\u001b[39m\u001b[22m\n\n    \u001b[2mexpect(\u001b[22m\u001b[31mreceived\u001b[39m\u001b[2m).\u001b[22mtoHaveBeenCalledWith\u001b[2m(\u001b[22m\u001b[32m...expected\u001b[39m\u001b[2m)\u001b[22m\n\n    \u001b[1mMatcher error\u001b[22m: \u001b[31mreceived\u001b[39m value must be a mock or spy function\n\n    Received has type:  function\n    Received has value: \u001b[31m[Function query]\u001b[39m\n\u001b[2m\u001b[22m\n\u001b[2m    \u001b[0m \u001b[90m 61 |\u001b[39m     \u001b[36mawait\u001b[39m \u001b[36mnew\u001b[39m \u001b[33mPromise\u001b[39m((resolve) \u001b[33m=>\u001b[39m setTimeout(resolve\u001b[33m,\u001b[39m \u001b[35m10\u001b[39m))\u001b[33m;\u001b[39m\u001b[22m\n\u001b[2m     \u001b[90m 62 |\u001b[39m\u001b[22m\n\u001b[2m    \u001b[31m\u001b[1m>\u001b[22m\u001b[2m\u001b[39m\u001b[90m 63 |\u001b[39m     expect(mockedQuery)\u001b[33m.\u001b[39mtoHaveBeenCalledWith(\u001b[22m\n\u001b[2m     \u001b[90m    |\u001b[39m                         \u001b[31m\u001b[1m^\u001b[22m\u001b[2m\u001b[39m\u001b[22m\n\u001b[2m     \u001b[90m 64 |\u001b[39m       expect\u001b[33m.\u001b[39mstringContaining(\u001b[32m\"INSERT INTO audit_logs\"\u001b[39m)\u001b[33m,\u001b[39m\u001b[22m\n\u001b[2m     \u001b[90m 65 |\u001b[39m       expect\u001b[33m.\u001b[39marrayContaining([\u001b[22m\n\u001b[2m     \u001b[90m 66 |\u001b[39m         expect\u001b[33m.\u001b[39manything()\u001b[33m,\u001b[39m\u001b[0m\u001b[22m\n\u001b[2m\u001b[22m\n\u001b[2m      \u001b[2mat Object.<anonymous> (\u001b[22m\u001b[2m\u001b[0m\u001b[36msrc/tests/auditLog.test.ts\u001b[39m\u001b[0m\u001b[2m:63:25)\u001b[22m\u001b[2m\u001b[22m\n\n\u001b[1m\u001b[31m  \u001b[1m● \u001b[22m\u001b[1mAudit Log Middleware › should identify actor from JWT if present\u001b[39m\u001b[22m\n\n    \u001b[2mexpect(\u001b[22m\u001b[31mreceived\u001b[39m\u001b[2m).\u001b[22mtoHaveBeenCalledWith\u001b[2m(\u001b[22m\u001b[32m...expected\u001b[39m\u001b[2m)\u001b[22m\n\n    \u001b[1mMatcher error\u001b[22m: \u001b[31mreceived\u001b[39m value must be a mock or spy function\n\n    Received has type:  function\n    Received has value: \u001b[31m[Function query]\u001b[39m\n\u001b[2m\u001b[22m\n\u001b[2m    \u001b[0m \u001b[90m 93 |\u001b[39m     \u001b[36mawait\u001b[39m \u001b[36mnew\u001b[39m \u001b[33mPromise\u001b[39m(resolve \u001b[33m=>\u001b[39m setTimeout(resolve\u001b[33m,\u001b[39m \u001b[35m10\u001b[39m))\u001b[33m;\u001b[39m\u001b[22m\n\u001b[2m     \u001b[90m 94 |\u001b[39m\u001b[22m\n\u001b[2m    \u001b[31m\u001b[1m>\u001b[22m\u001b[2m\u001b[39m\u001b[90m 95 |\u001b[39m     expect(query)\u001b[33m.\u001b[39mtoHaveBeenCalledWith(\u001b[22m\n\u001b[2m     \u001b[90m    |\u001b[39m                   \u001b[31m\u001b[1m^\u001b[22m\u001b[2m\u001b[39m\u001b[22m\n\u001b[2m     \u001b[90m 96 |\u001b[39m       expect\u001b[33m.\u001b[39mstringContaining(\u001b[32m\"INSERT INTO audit_logs\"\u001b[39m)\u001b[33m,\u001b[39m\u001b[22m\n\u001b[2m     \u001b[90m 97 |\u001b[39m       expect\u001b[33m.\u001b[39marrayContaining([\u001b[22m\n\u001b[2m     \u001b[90m 98 |\u001b[39m         \u001b[32m\"G-STUDENT-WALLET-ADDR\"\u001b[39m\u001b[33m,\u001b[39m\u001b[0m\u001b[22m\n\u001b[2m\u001b[22m\n\u001b[2m      \u001b[2mat Object.<anonymous> (\u001b[22m\u001b[2m\u001b[0m\u001b[36msrc/tests/auditLog.test.ts\u001b[39m\u001b[0m\u001b[2m:95:19)\u001b[22m\u001b[2m\u001b[22m\n",
      "name": "/home/blurbeast/works/waves/remitlendd/backend/src/tests/auditLog.test.ts",
      "startTime": 1774767183223,
      "status": "failed",
      "summary": ""
    },
    {
      "assertionResults": [
        {
          "ancestorTitles": ["GET /api/loans/config"],
          "duration": 61,
          "failing": false,
          "failureDetails": [],
          "failureMessages": [],
          "fullName": "GET /api/loans/config should return defaults when env values are not set",
          "invocations": 1,
          "location": null,
          "numPassingAsserts": 2,
          "retryReasons": [],
          "startAt": 1774767187171,
          "status": "passed",
          "title": "should return defaults when env values are not set"
        },
        {
          "ancestorTitles": ["GET /api/loans/config"],
          "duration": 42,
          "failing": false,
          "failureDetails": [],
          "failureMessages": [],
          "fullName": "GET /api/loans/config should return configured env values",
          "invocations": 1,
          "location": null,
          "numPassingAsserts": 2,
          "retryReasons": [],
          "startAt": 1774767187237,
          "status": "passed",
          "title": "should return configured env values"
        },
        {
          "ancestorTitles": ["POST /api/loans/request"],
          "duration": 52,
          "failing": false,
          "failureDetails": [],
          "failureMessages": [],
          "fullName": "POST /api/loans/request should reject unauthenticated requests",
          "invocations": 1,
          "location": null,
          "numPassingAsserts": 1,
          "retryReasons": [],
          "startAt": 1774767187279,
          "status": "passed",
          "title": "should reject unauthenticated requests"
        },
        {
          "ancestorTitles": ["POST /api/loans/request"],
          "duration": 36,
          "failing": false,
          "failureDetails": [],
          "failureMessages": [],
          "fullName": "POST /api/loans/request should reject when borrowerPublicKey does not match JWT",
          "invocations": 1,
          "location": null,
          "numPassingAsserts": 1,
          "retryReasons": [],
          "startAt": 1774767187331,
          "status": "passed",
          "title": "should reject when borrowerPublicKey does not match JWT"
        },
        {
          "ancestorTitles": ["POST /api/loans/request"],
          "duration": 25,
          "failing": false,
          "failureDetails": [],
          "failureMessages": [],
          "fullName": "POST /api/loans/request should return unsigned XDR for valid request",
          "invocations": 1,
          "location": null,
          "numPassingAsserts": 4,
          "retryReasons": [],
          "startAt": 1774767187369,
          "status": "passed",
          "title": "should return unsigned XDR for valid request"
        },
        {
          "ancestorTitles": ["POST /api/loans/request"],
          "duration": 13,
          "failing": false,
          "failureDetails": [],
          "failureMessages": [],
          "fullName": "POST /api/loans/request should reject missing amount",
          "invocations": 1,
          "location": null,
          "numPassingAsserts": 1,
          "retryReasons": [],
          "startAt": 1774767187395,
          "status": "passed",
          "title": "should reject missing amount"
        },
        {
          "ancestorTitles": ["POST /api/loans/submit"],
          "duration": 11,
          "failing": false,
          "failureDetails": [],
          "failureMessages": [],
          "fullName": "POST /api/loans/submit should reject unauthenticated requests",
          "invocations": 1,
          "location": null,
          "numPassingAsserts": 1,
          "retryReasons": [],
          "startAt": 1774767187409,
          "status": "passed",
          "title": "should reject unauthenticated requests"
        },
        {
          "ancestorTitles": ["POST /api/loans/submit"],
          "duration": 12,
          "failing": false,
          "failureDetails": [],
          "failureMessages": [],
          "fullName": "POST /api/loans/submit should submit a signed transaction",
          "invocations": 1,
          "location": null,
          "numPassingAsserts": 4,
          "retryReasons": [],
          "startAt": 1774767187420,
          "status": "passed",
          "title": "should submit a signed transaction"
        },
        {
          "ancestorTitles": ["POST /api/loans/submit"],
          "duration": 14,
          "failing": false,
          "failureDetails": [],
          "failureMessages": [],
          "fullName": "POST /api/loans/submit should reject missing signedTxXdr",
          "invocations": 1,
          "location": null,
          "numPassingAsserts": 1,
          "retryReasons": [],
          "startAt": 1774767187433,
          "status": "passed",
          "title": "should reject missing signedTxXdr"
        },
        {
          "ancestorTitles": ["POST /api/loans/:loanId/repay"],
          "duration": 9,
          "failing": false,
          "failureDetails": [],
          "failureMessages": [],
          "fullName": "POST /api/loans/:loanId/repay should reject unauthenticated requests",
          "invocations": 1,
          "location": null,
          "numPassingAsserts": 1,
          "retryReasons": [],
          "startAt": 1774767187447,
          "status": "passed",
          "title": "should reject unauthenticated requests"
        },
        {
          "ancestorTitles": ["POST /api/loans/:loanId/repay"],
          "duration": 9,
          "failing": false,
          "failureDetails": [],
          "failureMessages": [],
          "fullName": "POST /api/loans/:loanId/repay should return unsigned XDR for valid repayment",
          "invocations": 1,
          "location": null,
          "numPassingAsserts": 4,
          "retryReasons": [],
          "startAt": 1774767187456,
          "status": "passed",
          "title": "should return unsigned XDR for valid repayment"
        },
        {
          "ancestorTitles": ["POST /api/loans/:loanId/repay"],
          "duration": 7,
          "failing": false,
          "failureDetails": [],
          "failureMessages": [],
          "fullName": "POST /api/loans/:loanId/repay should return 404 when loan does not belong to user",
          "invocations": 1,
          "location": null,
          "numPassingAsserts": 1,
          "retryReasons": [],
          "startAt": 1774767187465,
          "status": "passed",
          "title": "should return 404 when loan does not belong to user"
        },
        {
          "ancestorTitles": ["POST /api/loans/:loanId/repay"],
          "duration": 9,
          "failing": false,
          "failureDetails": [],
          "failureMessages": [],
          "fullName": "POST /api/loans/:loanId/repay should reject missing amount",
          "invocations": 1,
          "location": null,
          "numPassingAsserts": 1,
          "retryReasons": [],
          "startAt": 1774767187473,
          "status": "passed",
          "title": "should reject missing amount"
        },
        {
          "ancestorTitles": ["POST /api/loans/:loanId/submit"],
          "duration": 8,
          "failing": false,
          "failureDetails": [],
          "failureMessages": [],
          "fullName": "POST /api/loans/:loanId/submit should submit a signed repayment transaction",
          "invocations": 1,
          "location": null,
          "numPassingAsserts": 3,
          "retryReasons": [],
          "startAt": 1774767187482,
          "status": "passed",
          "title": "should submit a signed repayment transaction"
        }
      ],
      "endTime": 1774767187493,
      "message": "",
      "name": "/home/blurbeast/works/waves/remitlendd/backend/src/__tests__/loanEndpoints.test.ts",
      "startTime": 1774767184378,
      "status": "passed",
      "summary": ""
    },
    {
      "assertionResults": [
        {
          "ancestorTitles": ["GET /api/score/:userId/breakdown"],
          "duration": 231,
          "failing": false,
          "failureDetails": [],
          "failureMessages": [],
          "fullName": "GET /api/score/:userId/breakdown should reject unauthenticated requests",
          "invocations": 1,
          "location": null,
          "numPassingAsserts": 1,
          "retryReasons": [],
          "startAt": 1774767187468,
          "status": "passed",
          "title": "should reject unauthenticated requests"
        },
        {
          "ancestorTitles": ["GET /api/score/:userId/breakdown"],
          "duration": 70,
          "failing": false,
          "failureDetails": [],
          "failureMessages": [],
          "fullName": "GET /api/score/:userId/breakdown should reject when userId does not match JWT wallet",
          "invocations": 1,
          "location": null,
          "numPassingAsserts": 1,
          "retryReasons": [],
          "startAt": 1774767187722,
          "status": "passed",
          "title": "should reject when userId does not match JWT wallet"
        },
        {
          "ancestorTitles": ["GET /api/score/:userId/breakdown"],
          "duration": 17,
          "failing": false,
          "failureDetails": [],
          "failureMessages": [],
          "fullName": "GET /api/score/:userId/breakdown should return a breakdown for a valid userId",
          "invocations": 1,
          "location": null,
          "numPassingAsserts": 14,
          "retryReasons": [],
          "startAt": 1774767187793,
          "status": "passed",
          "title": "should return a breakdown for a valid userId"
        },
        {
          "ancestorTitles": ["GET /api/score/:userId/breakdown"],
          "duration": 8,
          "failing": false,
          "failureDetails": [],
          "failureMessages": [],
          "fullName": "GET /api/score/:userId/breakdown should return default values for a user with no history",
          "invocations": 1,
          "location": null,
          "numPassingAsserts": 5,
          "retryReasons": [],
          "startAt": 1774767187810,
          "status": "passed",
          "title": "should return default values for a user with no history"
        }
      ],
      "endTime": 1774767187820,
      "message": "",
      "name": "/home/blurbeast/works/waves/remitlendd/backend/src/__tests__/scoreBreakdown.test.ts",
      "startTime": 1774767184248,
      "status": "passed",
      "summary": ""
    },
    {
      "assertionResults": [
        {
          "ancestorTitles": ["GET /api/events/stream"],
          "duration": 152,
          "failing": false,
          "failureDetails": [],
          "failureMessages": [],
          "fullName": "GET /api/events/stream should reject unauthenticated SSE requests",
          "invocations": 1,
          "location": null,
          "numPassingAsserts": 1,
          "retryReasons": [],
          "startAt": 1774767187493,
          "status": "passed",
          "title": "should reject unauthenticated SSE requests"
        },
        {
          "ancestorTitles": ["GET /api/events/stream"],
          "duration": 90,
          "failing": false,
          "failureDetails": [],
          "failureMessages": [],
          "fullName": "GET /api/events/stream should reject token passed in query string",
          "invocations": 1,
          "location": null,
          "numPassingAsserts": 1,
          "retryReasons": [],
          "startAt": 1774767187645,
          "status": "passed",
          "title": "should reject token passed in query string"
        },
        {
          "ancestorTitles": ["GET /api/events/stream"],
          "duration": 11,
          "failing": false,
          "failureDetails": [],
          "failureMessages": [],
          "fullName": "GET /api/events/stream should reject borrower stream access for a different wallet",
          "invocations": 1,
          "location": null,
          "numPassingAsserts": 1,
          "retryReasons": [],
          "startAt": 1774767187737,
          "status": "passed",
          "title": "should reject borrower stream access for a different wallet"
        },
        {
          "ancestorTitles": ["GET /api/events/status"],
          "duration": 8,
          "failing": false,
          "failureDetails": [],
          "failureMessages": [],
          "fullName": "GET /api/events/status should reject requests without API key",
          "invocations": 1,
          "location": null,
          "numPassingAsserts": 1,
          "retryReasons": [],
          "startAt": 1774767187748,
          "status": "passed",
          "title": "should reject requests without API key"
        },
        {
          "ancestorTitles": ["GET /api/events/status"],
          "duration": 8,
          "failing": false,
          "failureDetails": [],
          "failureMessages": [],
          "fullName": "GET /api/events/status should return connection counts with valid API key",
          "invocations": 1,
          "location": null,
          "numPassingAsserts": 6,
          "retryReasons": [],
          "startAt": 1774767187756,
          "status": "passed",
          "title": "should return connection counts with valid API key"
        },
        {
          "ancestorTitles": ["EventStreamService"],
          "duration": 1,
          "failing": false,
          "failureDetails": [],
          "failureMessages": [],
          "fullName": "EventStreamService should track connection counts",
          "invocations": 1,
          "location": null,
          "numPassingAsserts": 3,
          "retryReasons": [],
          "startAt": 1774767187767,
          "status": "passed",
          "title": "should track connection counts"
        },
        {
          "ancestorTitles": ["EventStreamService"],
          "duration": 7,
          "failing": false,
          "failureDetails": [],
          "failureMessages": [],
          "fullName": "EventStreamService should subscribe and unsubscribe borrower clients",
          "invocations": 1,
          "location": null,
          "numPassingAsserts": 2,
          "retryReasons": [],
          "startAt": 1774767187768,
          "status": "passed",
          "title": "should subscribe and unsubscribe borrower clients"
        },
        {
          "ancestorTitles": ["EventStreamService"],
          "duration": 4,
          "failing": false,
          "failureDetails": [],
          "failureMessages": [],
          "fullName": "EventStreamService should subscribe and unsubscribe admin clients",
          "invocations": 1,
          "location": null,
          "numPassingAsserts": 1,
          "retryReasons": [],
          "startAt": 1774767187775,
          "status": "passed",
          "title": "should subscribe and unsubscribe admin clients"
        },
        {
          "ancestorTitles": ["EventStreamService"],
          "duration": 6,
          "failing": false,
          "failureDetails": [],
          "failureMessages": [],
          "fullName": "EventStreamService should broadcast events to borrower clients",
          "invocations": 1,
          "location": null,
          "numPassingAsserts": 5,
          "retryReasons": [],
          "startAt": 1774767187779,
          "status": "passed",
          "title": "should broadcast events to borrower clients"
        },
        {
          "ancestorTitles": ["EventStreamService"],
          "duration": 4,
          "failing": false,
          "failureDetails": [],
          "failureMessages": [],
          "fullName": "EventStreamService should broadcast events to admin clients",
          "invocations": 1,
          "location": null,
          "numPassingAsserts": 4,
          "retryReasons": [],
          "startAt": 1774767187786,
          "status": "passed",
          "title": "should broadcast events to admin clients"
        },
        {
          "ancestorTitles": ["EventStreamService"],
          "duration": 6,
          "failing": false,
          "failureDetails": [],
          "failureMessages": [],
          "fullName": "EventStreamService should not broadcast to unrelated borrower clients",
          "invocations": 1,
          "location": null,
          "numPassingAsserts": 1,
          "retryReasons": [],
          "startAt": 1774767187790,
          "status": "passed",
          "title": "should not broadcast to unrelated borrower clients"
        },
        {
          "ancestorTitles": ["EventStreamService"],
          "duration": 20,
          "failing": false,
          "failureDetails": [],
          "failureMessages": [],
          "fullName": "EventStreamService should enforce a maximum of three connections per user",
          "invocations": 1,
          "location": null,
          "numPassingAsserts": 3,
          "retryReasons": [],
          "startAt": 1774767187796,
          "status": "passed",
          "title": "should enforce a maximum of three connections per user"
        },
        {
          "ancestorTitles": ["EventStreamService"],
          "duration": 11,
          "failing": false,
          "failureDetails": [],
          "failureMessages": [],
          "fullName": "EventStreamService should close active SSE connections with a shutdown event",
          "invocations": 1,
          "location": null,
          "numPassingAsserts": 5,
          "retryReasons": [],
          "startAt": 1774767187816,
          "status": "passed",
          "title": "should close active SSE connections with a shutdown event"
        },
        {
          "ancestorTitles": ["EventStreamService"],
          "duration": 1,
          "failing": false,
          "failureDetails": [],
          "failureMessages": [],
          "fullName": "EventStreamService should emit replay-compatible SSE event payload from sendEvent",
          "invocations": 1,
          "location": null,
          "numPassingAsserts": 4,
          "retryReasons": [],
          "startAt": 1774767187827,
          "status": "passed",
          "title": "should emit replay-compatible SSE event payload from sendEvent"
        }
      ],
      "endTime": 1774767187830,
      "message": "",
      "name": "/home/blurbeast/works/waves/remitlendd/backend/src/__tests__/eventStream.test.ts",
      "startTime": 1774767183231,
      "status": "passed",
      "summary": ""
    },
    {
      "assertionResults": [
        {
          "ancestorTitles": ["GET /api/score/:userId"],
          "duration": 123,
          "failing": false,
          "failureDetails": [],
          "failureMessages": [],
          "fullName": "GET /api/score/:userId should reject unauthenticated requests",
          "invocations": 1,
          "location": null,
          "numPassingAsserts": 1,
          "retryReasons": [],
          "startAt": 1774767187439,
          "status": "passed",
          "title": "should reject unauthenticated requests"
        },
        {
          "ancestorTitles": ["GET /api/score/:userId"],
          "duration": 113,
          "failing": false,
          "failureDetails": [],
          "failureMessages": [],
          "fullName": "GET /api/score/:userId should reject when path userId does not match JWT wallet",
          "invocations": 1,
          "location": null,
          "numPassingAsserts": 1,
          "retryReasons": [],
          "startAt": 1774767187563,
          "status": "passed",
          "title": "should reject when path userId does not match JWT wallet"
        },
        {
          "ancestorTitles": ["GET /api/score/:userId"],
          "duration": 24,
          "failing": false,
          "failureDetails": [],
          "failureMessages": [],
          "fullName": "GET /api/score/:userId should return a score for a valid userId",
          "invocations": 1,
          "location": null,
          "numPassingAsserts": 6,
          "retryReasons": [],
          "startAt": 1774767187676,
          "status": "passed",
          "title": "should return a score for a valid userId"
        },
        {
          "ancestorTitles": ["GET /api/score/:userId"],
          "duration": 14,
          "failing": false,
          "failureDetails": [],
          "failureMessages": [],
          "fullName": "GET /api/score/:userId should return the same score for the same userId",
          "invocations": 1,
          "location": null,
          "numPassingAsserts": 1,
          "retryReasons": [],
          "startAt": 1774767187700,
          "status": "passed",
          "title": "should return the same score for the same userId"
        },
        {
          "ancestorTitles": ["GET /api/score/:userId"],
          "duration": 7,
          "failing": false,
          "failureDetails": [],
          "failureMessages": [],
          "fullName": "GET /api/score/:userId should return 500 if user not found",
          "invocations": 1,
          "location": null,
          "numPassingAsserts": 2,
          "retryReasons": [],
          "startAt": 1774767187714,
          "status": "passed",
          "title": "should return 500 if user not found"
        },
        {
          "ancestorTitles": ["GET /api/score/:userId"],
          "duration": 15,
          "failing": false,
          "failureDetails": [],
          "failureMessages": [],
          "fullName": "GET /api/score/:userId should return 404 for empty userId segment",
          "invocations": 1,
          "location": null,
          "numPassingAsserts": 1,
          "retryReasons": [],
          "startAt": 1774767187721,
          "status": "passed",
          "title": "should return 404 for empty userId segment"
        },
        {
          "ancestorTitles": ["POST /api/score/update", "Access control"],
          "duration": 26,
          "failing": false,
          "failureDetails": [],
          "failureMessages": [],
          "fullName": "POST /api/score/update Access control should reject requests with no API key",
          "invocations": 1,
          "location": null,
          "numPassingAsserts": 2,
          "retryReasons": [],
          "startAt": 1774767187736,
          "status": "passed",
          "title": "should reject requests with no API key"
        },
        {
          "ancestorTitles": ["POST /api/score/update", "Access control"],
          "duration": 8,
          "failing": false,
          "failureDetails": [],
          "failureMessages": [],
          "fullName": "POST /api/score/update Access control should reject requests with a wrong API key",
          "invocations": 1,
          "location": null,
          "numPassingAsserts": 2,
          "retryReasons": [],
          "startAt": 1774767187762,
          "status": "passed",
          "title": "should reject requests with a wrong API key"
        },
        {
          "ancestorTitles": ["POST /api/score/update", "Successful updates"],
          "duration": 7,
          "failing": false,
          "failureDetails": [],
          "failureMessages": [],
          "fullName": "POST /api/score/update Successful updates should increase score by 15 for on-time repayment",
          "invocations": 1,
          "location": null,
          "numPassingAsserts": 6,
          "retryReasons": [],
          "startAt": 1774767187770,
          "status": "passed",
          "title": "should increase score by 15 for on-time repayment"
        },
        {
          "ancestorTitles": ["POST /api/score/update", "Successful updates"],
          "duration": 5,
          "failing": false,
          "failureDetails": [],
          "failureMessages": [],
          "fullName": "POST /api/score/update Successful updates should decrease score by 30 for a late repayment",
          "invocations": 1,
          "location": null,
          "numPassingAsserts": 3,
          "retryReasons": [],
          "startAt": 1774767187777,
          "status": "passed",
          "title": "should decrease score by 30 for a late repayment"
        },
        {
          "ancestorTitles": ["POST /api/score/update", "Successful updates"],
          "duration": 5,
          "failing": false,
          "failureDetails": [],
          "failureMessages": [],
          "fullName": "POST /api/score/update Successful updates should clamp newScore to 850 maximum",
          "invocations": 1,
          "location": null,
          "numPassingAsserts": 1,
          "retryReasons": [],
          "startAt": 1774767187783,
          "status": "passed",
          "title": "should clamp newScore to 850 maximum"
        },
        {
          "ancestorTitles": ["POST /api/score/update", "Successful updates"],
          "duration": 4,
          "failing": false,
          "failureDetails": [],
          "failureMessages": [],
          "fullName": "POST /api/score/update Successful updates should return userId and repaymentAmount in the response",
          "invocations": 1,
          "location": null,
          "numPassingAsserts": 2,
          "retryReasons": [],
          "startAt": 1774767187788,
          "status": "passed",
          "title": "should return userId and repaymentAmount in the response"
        },
        {
          "ancestorTitles": ["POST /api/score/update", "Validation errors"],
          "duration": 9,
          "failing": false,
          "failureDetails": [],
          "failureMessages": [],
          "fullName": "POST /api/score/update Validation errors should reject negative repaymentAmount",
          "invocations": 1,
          "location": null,
          "numPassingAsserts": 3,
          "retryReasons": [],
          "startAt": 1774767187793,
          "status": "passed",
          "title": "should reject negative repaymentAmount"
        },
        {
          "ancestorTitles": ["POST /api/score/update", "Validation errors"],
          "duration": 11,
          "failing": false,
          "failureDetails": [],
          "failureMessages": [],
          "fullName": "POST /api/score/update Validation errors should reject missing onTime field",
          "invocations": 1,
          "location": null,
          "numPassingAsserts": 2,
          "retryReasons": [],
          "startAt": 1774767187802,
          "status": "passed",
          "title": "should reject missing onTime field"
        },
        {
          "ancestorTitles": ["POST /api/score/update", "Validation errors"],
          "duration": 12,
          "failing": false,
          "failureDetails": [],
          "failureMessages": [],
          "fullName": "POST /api/score/update Validation errors should reject non-boolean onTime value",
          "invocations": 1,
          "location": null,
          "numPassingAsserts": 2,
          "retryReasons": [],
          "startAt": 1774767187814,
          "status": "passed",
          "title": "should reject non-boolean onTime value"
        },
        {
          "ancestorTitles": ["POST /api/score/update", "Validation errors"],
          "duration": 23,
          "failing": false,
          "failureDetails": [],
          "failureMessages": [],
          "fullName": "POST /api/score/update Validation errors should reject missing userId",
          "invocations": 1,
          "location": null,
          "numPassingAsserts": 2,
          "retryReasons": [],
          "startAt": 1774767187826,
          "status": "passed",
          "title": "should reject missing userId"
        },
        {
          "ancestorTitles": ["POST /api/score/update", "Validation errors"],
          "duration": 9,
          "failing": false,
          "failureDetails": [],
          "failureMessages": [],
          "fullName": "POST /api/score/update Validation errors should reject repaymentAmount exceeding maximum",
          "invocations": 1,
          "location": null,
          "numPassingAsserts": 2,
          "retryReasons": [],
          "startAt": 1774767187849,
          "status": "passed",
          "title": "should reject repaymentAmount exceeding maximum"
        }
      ],
      "endTime": 1774767187861,
      "message": "",
      "name": "/home/blurbeast/works/waves/remitlendd/backend/src/__tests__/score.test.ts",
      "startTime": 1774767183272,
      "status": "passed",
      "summary": ""
    },
    {
      "assertionResults": [
        {
          "ancestorTitles": ["pagination and filtering"],
          "duration": 206,
          "failing": false,
          "failureDetails": [],
          "failureMessages": [],
          "fullName": "pagination and filtering paginates and filters borrower loans with a consistent response envelope",
          "invocations": 1,
          "location": null,
          "numPassingAsserts": 8,
          "retryReasons": [],
          "startAt": 1774767187745,
          "status": "passed",
          "title": "paginates and filters borrower loans with a consistent response envelope"
        },
        {
          "ancestorTitles": ["pagination and filtering"],
          "duration": 24,
          "failing": false,
          "failureDetails": [],
          "failureMessages": [],
          "fullName": "pagination and filtering applies event filters and returns page_info for borrower transaction history",
          "invocations": 1,
          "location": null,
          "numPassingAsserts": 11,
          "retryReasons": [],
          "startAt": 1774767187952,
          "status": "passed",
          "title": "applies event filters and returns page_info for borrower transaction history"
        },
        {
          "ancestorTitles": ["pagination and filtering"],
          "duration": 52,
          "failing": false,
          "failureDetails": [],
          "failureMessages": [],
          "fullName": "pagination and filtering supports paginated recent events for admin dashboards",
          "invocations": 1,
          "location": null,
          "numPassingAsserts": 5,
          "retryReasons": [],
          "startAt": 1774767187977,
          "status": "passed",
          "title": "supports paginated recent events for admin dashboards"
        }
      ],
      "endTime": 1774767188031,
      "message": "",
      "name": "/home/blurbeast/works/waves/remitlendd/backend/src/__tests__/paginationFiltering.test.ts",
      "startTime": 1774767184265,
      "status": "passed",
      "summary": ""
    },
    {
      "assertionResults": [
        {
          "ancestorTitles": ["Centralized Error Handling", "404 catch-all"],
          "duration": 176,
          "failing": false,
          "failureDetails": [],
          "failureMessages": [],
          "fullName": "Centralized Error Handling 404 catch-all should return 404 with structured JSON for unknown routes",
          "invocations": 1,
          "location": null,
          "numPassingAsserts": 3,
          "retryReasons": [],
          "startAt": 1774767187670,
          "status": "passed",
          "title": "should return 404 with structured JSON for unknown routes"
        },
        {
          "ancestorTitles": ["Centralized Error Handling", "404 catch-all"],
          "duration": 94,
          "failing": false,
          "failureDetails": [],
          "failureMessages": [],
          "fullName": "Centralized Error Handling 404 catch-all should return 404 for unknown POST routes",
          "invocations": 1,
          "location": null,
          "numPassingAsserts": 2,
          "retryReasons": [],
          "startAt": 1774767187854,
          "status": "passed",
          "title": "should return 404 for unknown POST routes"
        },
        {
          "ancestorTitles": [
            "Centralized Error Handling",
            "Zod validation errors"
          ],
          "duration": 21,
          "failing": false,
          "failureDetails": [],
          "failureMessages": [],
          "fullName": "Centralized Error Handling Zod validation errors should return 400 with validation failed message",
          "invocations": 1,
          "location": null,
          "numPassingAsserts": 5,
          "retryReasons": [],
          "startAt": 1774767187948,
          "status": "passed",
          "title": "should return 400 with validation failed message"
        },
        {
          "ancestorTitles": [
            "Centralized Error Handling",
            "Zod validation errors"
          ],
          "duration": 22,
          "failing": false,
          "failureDetails": [],
          "failureMessages": [],
          "fullName": "Centralized Error Handling Zod validation errors should include path and message in each error entry",
          "invocations": 1,
          "location": null,
          "numPassingAsserts": 4,
          "retryReasons": [],
          "startAt": 1774767187969,
          "status": "passed",
          "title": "should include path and message in each error entry"
        },
        {
          "ancestorTitles": [
            "Centralized Error Handling",
            "Response structure consistency"
          ],
          "duration": 10,
          "failing": false,
          "failureDetails": [],
          "failureMessages": [],
          "fullName": "Centralized Error Handling Response structure consistency should always include success field in error responses",
          "invocations": 1,
          "location": null,
          "numPassingAsserts": 2,
          "retryReasons": [],
          "startAt": 1774767187992,
          "status": "passed",
          "title": "should always include success field in error responses"
        },
        {
          "ancestorTitles": [
            "Centralized Error Handling",
            "Response structure consistency"
          ],
          "duration": 9,
          "failing": false,
          "failureDetails": [],
          "failureMessages": [],
          "fullName": "Centralized Error Handling Response structure consistency should not expose stack traces in production-like responses",
          "invocations": 1,
          "location": null,
          "numPassingAsserts": 1,
          "retryReasons": [],
          "startAt": 1774767188002,
          "status": "passed",
          "title": "should not expose stack traces in production-like responses"
        },
        {
          "ancestorTitles": [
            "Centralized Error Handling",
            "Specific error scenarios (Diagnostic)"
          ],
          "duration": 8,
          "failing": false,
          "failureDetails": [],
          "failureMessages": [],
          "fullName": "Centralized Error Handling Specific error scenarios (Diagnostic) should handle operational AppErrors (400 Bad Request)",
          "invocations": 1,
          "location": null,
          "numPassingAsserts": 3,
          "retryReasons": [],
          "startAt": 1774767188011,
          "status": "passed",
          "title": "should handle operational AppErrors (400 Bad Request)"
        },
        {
          "ancestorTitles": [
            "Centralized Error Handling",
            "Specific error scenarios (Diagnostic)"
          ],
          "duration": 32,
          "failing": false,
          "failureDetails": [],
          "failureMessages": [],
          "fullName": "Centralized Error Handling Specific error scenarios (Diagnostic) should handle internal AppErrors (500 Internal Server Error)",
          "invocations": 1,
          "location": null,
          "numPassingAsserts": 3,
          "retryReasons": [],
          "startAt": 1774767188019,
          "status": "passed",
          "title": "should handle internal AppErrors (500 Internal Server Error)"
        },
        {
          "ancestorTitles": [
            "Centralized Error Handling",
            "Specific error scenarios (Diagnostic)"
          ],
          "duration": 25,
          "failing": false,
          "failureDetails": [],
          "failureMessages": [],
          "fullName": "Centralized Error Handling Specific error scenarios (Diagnostic) should handle unexpected exceptions (500 Internal Server Error)",
          "invocations": 1,
          "location": null,
          "numPassingAsserts": 3,
          "retryReasons": [],
          "startAt": 1774767188051,
          "status": "passed",
          "title": "should handle unexpected exceptions (500 Internal Server Error)"
        },
        {
          "ancestorTitles": [
            "Centralized Error Handling",
            "Specific error scenarios (Diagnostic)"
          ],
          "duration": 23,
          "failing": false,
          "failureDetails": [],
          "failureMessages": [],
          "fullName": "Centralized Error Handling Specific error scenarios (Diagnostic) should catch async exceptions via asyncHandler middleware",
          "invocations": 1,
          "location": null,
          "numPassingAsserts": 3,
          "retryReasons": [],
          "startAt": 1774767188077,
          "status": "passed",
          "title": "should catch async exceptions via asyncHandler middleware"
        }
      ],
      "endTime": 1774767188103,
      "message": "",
      "name": "/home/blurbeast/works/waves/remitlendd/backend/src/__tests__/errorHandling.test.ts",
      "startTime": 1774767183270,
      "status": "passed",
      "summary": ""
    },
    {
      "assertionResults": [
        {
          "ancestorTitles": ["Auth API", "POST /api/auth/challenge"],
          "duration": 356,
          "failing": false,
          "failureDetails": [],
          "failureMessages": [],
          "fullName": "Auth API POST /api/auth/challenge should generate a challenge for a valid public key",
          "invocations": 1,
          "location": null,
          "numPassingAsserts": 5,
          "retryReasons": [],
          "startAt": 1774767187462,
          "status": "passed",
          "title": "should generate a challenge for a valid public key"
        },
        {
          "ancestorTitles": ["Auth API", "POST /api/auth/challenge"],
          "duration": 75,
          "failing": false,
          "failureDetails": [],
          "failureMessages": [],
          "fullName": "Auth API POST /api/auth/challenge should reject invalid public key",
          "invocations": 1,
          "location": null,
          "numPassingAsserts": 1,
          "retryReasons": [],
          "startAt": 1774767187819,
          "status": "passed",
          "title": "should reject invalid public key"
        },
        {
          "ancestorTitles": ["Auth API", "POST /api/auth/challenge"],
          "duration": 68,
          "failing": false,
          "failureDetails": [],
          "failureMessages": [],
          "fullName": "Auth API POST /api/auth/challenge should reject missing public key",
          "invocations": 1,
          "location": null,
          "numPassingAsserts": 1,
          "retryReasons": [],
          "startAt": 1774767187894,
          "status": "passed",
          "title": "should reject missing public key"
        },
        {
          "ancestorTitles": ["Auth API", "POST /api/auth/login"],
          "duration": 36,
          "failing": false,
          "failureDetails": [],
          "failureMessages": [],
          "fullName": "Auth API POST /api/auth/login should login with valid signature",
          "invocations": 1,
          "location": null,
          "numPassingAsserts": 3,
          "retryReasons": [],
          "startAt": 1774767187967,
          "status": "passed",
          "title": "should login with valid signature"
        },
        {
          "ancestorTitles": ["Auth API", "POST /api/auth/login"],
          "duration": 44,
          "failing": false,
          "failureDetails": [],
          "failureMessages": [],
          "fullName": "Auth API POST /api/auth/login should reject invalid signature",
          "invocations": 1,
          "location": null,
          "numPassingAsserts": 1,
          "retryReasons": [],
          "startAt": 1774767188004,
          "status": "passed",
          "title": "should reject invalid signature"
        },
        {
          "ancestorTitles": ["Auth API", "POST /api/auth/login"],
          "duration": 9,
          "failing": false,
          "failureDetails": [],
          "failureMessages": [],
          "fullName": "Auth API POST /api/auth/login should reject missing fields",
          "invocations": 1,
          "location": null,
          "numPassingAsserts": 1,
          "retryReasons": [],
          "startAt": 1774767188048,
          "status": "passed",
          "title": "should reject missing fields"
        },
        {
          "ancestorTitles": ["Auth API", "GET /api/auth/verify"],
          "duration": 34,
          "failing": false,
          "failureDetails": [],
          "failureMessages": [],
          "fullName": "Auth API GET /api/auth/verify should verify valid token",
          "invocations": 1,
          "location": null,
          "numPassingAsserts": 6,
          "retryReasons": [],
          "startAt": 1774767188058,
          "status": "passed",
          "title": "should verify valid token"
        },
        {
          "ancestorTitles": ["Auth API", "GET /api/auth/verify"],
          "duration": 6,
          "failing": false,
          "failureDetails": [],
          "failureMessages": [],
          "fullName": "Auth API GET /api/auth/verify should reject missing token",
          "invocations": 1,
          "location": null,
          "numPassingAsserts": 1,
          "retryReasons": [],
          "startAt": 1774767188092,
          "status": "passed",
          "title": "should reject missing token"
        },
        {
          "ancestorTitles": ["Auth API", "GET /api/auth/verify"],
          "duration": 7,
          "failing": false,
          "failureDetails": [],
          "failureMessages": [],
          "fullName": "Auth API GET /api/auth/verify should reject invalid token",
          "invocations": 1,
          "location": null,
          "numPassingAsserts": 1,
          "retryReasons": [],
          "startAt": 1774767188098,
          "status": "passed",
          "title": "should reject invalid token"
        }
      ],
      "endTime": 1774767188108,
      "message": "",
      "name": "/home/blurbeast/works/waves/remitlendd/backend/src/__tests__/auth.test.ts",
      "startTime": 1774767183242,
      "status": "passed",
      "summary": ""
    },
    {
      "assertionResults": [
        {
          "ancestorTitles": ["Environment Variable Validation"],
          "duration": 12,
          "failing": false,
          "failureDetails": [],
          "failureMessages": [],
          "fullName": "Environment Variable Validation should not exit if all required variables are present",
          "invocations": 1,
          "location": null,
          "numPassingAsserts": 2,
          "retryReasons": [],
          "startAt": 1774767188358,
          "status": "passed",
          "title": "should not exit if all required variables are present"
        },
        {
          "ancestorTitles": ["Environment Variable Validation"],
          "duration": 17,
          "failing": false,
          "failureDetails": [],
          "failureMessages": [],
          "fullName": "Environment Variable Validation should exit with code 1 if a required variable is missing",
          "invocations": 1,
          "location": null,
          "numPassingAsserts": 2,
          "retryReasons": [],
          "startAt": 1774767188371,
          "status": "passed",
          "title": "should exit with code 1 if a required variable is missing"
        },
        {
          "ancestorTitles": ["Environment Variable Validation"],
          "duration": 5,
          "failing": false,
          "failureDetails": [],
          "failureMessages": [],
          "fullName": "Environment Variable Validation should exit with code 1 if a required variable is empty string",
          "invocations": 1,
          "location": null,
          "numPassingAsserts": 2,
          "retryReasons": [],
          "startAt": 1774767188389,
          "status": "passed",
          "title": "should exit with code 1 if a required variable is empty string"
        }
      ],
      "endTime": 1774767188396,
      "message": "",
      "name": "/home/blurbeast/works/waves/remitlendd/backend/src/tests/envValidation.test.ts",
      "startTime": 1774767188162,
      "status": "passed",
      "summary": ""
    },
    {
      "assertionResults": [
        {
          "ancestorTitles": ["Idempotency Middleware"],
          "duration": 5,
          "failing": false,
          "failureDetails": [],
          "failureMessages": [],
          "fullName": "Idempotency Middleware should call next() if no Idempotency-Key is present",
          "invocations": 1,
          "location": null,
          "numPassingAsserts": 2,
          "retryReasons": [],
          "startAt": 1774767188505,
          "status": "passed",
          "title": "should call next() if no Idempotency-Key is present"
        },
        {
          "ancestorTitles": ["Idempotency Middleware"],
          "duration": 10,
          "failing": false,
          "failureDetails": [],
          "failureMessages": [],
          "fullName": "Idempotency Middleware should return cached response if key exists",
          "invocations": 1,
          "location": null,
          "numPassingAsserts": 5,
          "retryReasons": [],
          "startAt": 1774767188511,
          "status": "passed",
          "title": "should return cached response if key exists"
        },
        {
          "ancestorTitles": ["Idempotency Middleware"],
          "duration": 4,
          "failing": false,
          "failureDetails": [],
          "failureMessages": [],
          "fullName": "Idempotency Middleware should proceed and intercept response on cache miss",
          "invocations": 1,
          "location": null,
          "numPassingAsserts": 2,
          "retryReasons": [],
          "startAt": 1774767188521,
          "status": "passed",
          "title": "should proceed and intercept response on cache miss"
        }
      ],
      "endTime": 1774767188526,
      "message": "",
      "name": "/home/blurbeast/works/waves/remitlendd/backend/src/tests/idempotency.test.ts",
      "startTime": 1774767188157,
      "status": "passed",
      "summary": ""
    },
    {
      "assertionResults": [
        {
          "ancestorTitles": ["WebhookService"],
          "duration": 3,
          "failing": false,
          "failureDetails": [],
          "failureMessages": [],
          "fullName": "WebhookService creates deterministic signatures for delivery payloads through registered secrets",
          "invocations": 1,
          "location": null,
          "numPassingAsserts": 1,
          "retryReasons": [],
          "startAt": 1774767188594,
          "status": "passed",
          "title": "creates deterministic signatures for delivery payloads through registered secrets"
        }
      ],
      "endTime": 1774767188599,
      "message": "",
      "name": "/home/blurbeast/works/waves/remitlendd/backend/src/__tests__/webhookService.test.ts",
      "startTime": 1774767188427,
      "status": "passed",
      "summary": ""
    },
    {
      "assertionResults": [
        {
          "ancestorTitles": ["Graceful Shutdown"],
          "duration": 3,
          "failing": false,
          "failureDetails": [],
          "failureMessages": [],
          "fullName": "Graceful Shutdown should initialize shutdown tests correctly",
          "invocations": 1,
          "location": null,
          "numPassingAsserts": 1,
          "retryReasons": [],
          "startAt": 1774767188655,
          "status": "passed",
          "title": "should initialize shutdown tests correctly"
        }
      ],
      "endTime": 1774767188661,
      "message": "",
      "name": "/home/blurbeast/works/waves/remitlendd/backend/src/__tests__/gracefulShutdown.test.ts",
      "startTime": 1774767188545,
      "status": "passed",
      "summary": ""
    },
    {
      "assertionResults": [
        {
          "ancestorTitles": ["Input Validation", "POST /api/simulate"],
          "duration": 38,
          "failing": false,
          "failureDetails": [],
          "failureMessages": [],
          "fullName": "Input Validation POST /api/simulate should accept valid input",
          "invocations": 1,
          "location": null,
          "numPassingAsserts": 2,
          "retryReasons": [],
          "startAt": 1774767189181,
          "status": "passed",
          "title": "should accept valid input"
        },
        {
          "ancestorTitles": ["Input Validation", "POST /api/simulate"],
          "duration": 13,
          "failing": false,
          "failureDetails": [],
          "failureMessages": [],
          "fullName": "Input Validation POST /api/simulate should reject missing userId",
          "invocations": 1,
          "location": null,
          "numPassingAsserts": 3,
          "retryReasons": [],
          "startAt": 1774767189219,
          "status": "passed",
          "title": "should reject missing userId"
        },
        {
          "ancestorTitles": ["Input Validation", "POST /api/simulate"],
          "duration": 5,
          "failing": false,
          "failureDetails": [],
          "failureMessages": [],
          "fullName": "Input Validation POST /api/simulate should reject missing amount",
          "invocations": 1,
          "location": null,
          "numPassingAsserts": 2,
          "retryReasons": [],
          "startAt": 1774767189233,
          "status": "passed",
          "title": "should reject missing amount"
        },
        {
          "ancestorTitles": ["Input Validation", "POST /api/simulate"],
          "duration": 9,
          "failing": false,
          "failureDetails": [],
          "failureMessages": [],
          "fullName": "Input Validation POST /api/simulate should reject negative amount",
          "invocations": 1,
          "location": null,
          "numPassingAsserts": 3,
          "retryReasons": [],
          "startAt": 1774767189238,
          "status": "passed",
          "title": "should reject negative amount"
        },
        {
          "ancestorTitles": ["Input Validation", "POST /api/simulate"],
          "duration": 8,
          "failing": false,
          "failureDetails": [],
          "failureMessages": [],
          "fullName": "Input Validation POST /api/simulate should reject amount exceeding maximum",
          "invocations": 1,
          "location": null,
          "numPassingAsserts": 2,
          "retryReasons": [],
          "startAt": 1774767189247,
          "status": "passed",
          "title": "should reject amount exceeding maximum"
        },
        {
          "ancestorTitles": ["Input Validation", "POST /api/simulate"],
          "duration": 8,
          "failing": false,
          "failureDetails": [],
          "failureMessages": [],
          "fullName": "Input Validation POST /api/simulate should reject zero amount",
          "invocations": 1,
          "location": null,
          "numPassingAsserts": 2,
          "retryReasons": [],
          "startAt": 1774767189256,
          "status": "passed",
          "title": "should reject zero amount"
        },
        {
          "ancestorTitles": ["Input Validation", "POST /api/simulate"],
          "duration": 7,
          "failing": false,
          "failureDetails": [],
          "failureMessages": [],
          "fullName": "Input Validation POST /api/simulate should reject empty userId",
          "invocations": 1,
          "location": null,
          "numPassingAsserts": 2,
          "retryReasons": [],
          "startAt": 1774767189265,
          "status": "passed",
          "title": "should reject empty userId"
        },
        {
          "ancestorTitles": ["Input Validation", "POST /api/simulate"],
          "duration": 6,
          "failing": false,
          "failureDetails": [],
          "failureMessages": [],
          "fullName": "Input Validation POST /api/simulate should reject userId that is too long",
          "invocations": 1,
          "location": null,
          "numPassingAsserts": 2,
          "retryReasons": [],
          "startAt": 1774767189273,
          "status": "passed",
          "title": "should reject userId that is too long"
        },
        {
          "ancestorTitles": ["Input Validation", "POST /api/simulate"],
          "duration": 7,
          "failing": false,
          "failureDetails": [],
          "failureMessages": [],
          "fullName": "Input Validation POST /api/simulate should reject non-numeric amount",
          "invocations": 1,
          "location": null,
          "numPassingAsserts": 2,
          "retryReasons": [],
          "startAt": 1774767189280,
          "status": "passed",
          "title": "should reject non-numeric amount"
        },
        {
          "ancestorTitles": ["Input Validation", "GET /api/history/:userId"],
          "duration": 5,
          "failing": false,
          "failureDetails": [],
          "failureMessages": [],
          "fullName": "Input Validation GET /api/history/:userId should accept valid userId",
          "invocations": 1,
          "location": null,
          "numPassingAsserts": 2,
          "retryReasons": [],
          "startAt": 1774767189288,
          "status": "passed",
          "title": "should accept valid userId"
        },
        {
          "ancestorTitles": ["Input Validation", "GET /api/history/:userId"],
          "duration": 6,
          "failing": false,
          "failureDetails": [],
          "failureMessages": [],
          "fullName": "Input Validation GET /api/history/:userId should reject empty userId",
          "invocations": 1,
          "location": null,
          "numPassingAsserts": 1,
          "retryReasons": [],
          "startAt": 1774767189293,
          "status": "passed",
          "title": "should reject empty userId"
        }
      ],
      "endTime": 1774767189300,
      "message": "",
      "name": "/home/blurbeast/works/waves/remitlendd/backend/src/__tests__/validation.test.ts",
      "startTime": 1774767187568,
      "status": "passed",
      "summary": ""
    },
    {
      "assertionResults": [
        {
          "ancestorTitles": ["Request ID middleware"],
          "duration": 26,
          "failing": false,
          "failureDetails": [],
          "failureMessages": [],
          "fullName": "Request ID middleware adds x-request-id when missing",
          "invocations": 1,
          "location": null,
          "numPassingAsserts": 4,
          "retryReasons": [],
          "startAt": 1774767189310,
          "status": "passed",
          "title": "adds x-request-id when missing"
        },
        {
          "ancestorTitles": ["Request ID middleware"],
          "duration": 10,
          "failing": false,
          "failureDetails": [],
          "failureMessages": [],
          "fullName": "Request ID middleware preserves client x-request-id",
          "invocations": 1,
          "location": null,
          "numPassingAsserts": 2,
          "retryReasons": [],
          "startAt": 1774767189337,
          "status": "passed",
          "title": "preserves client x-request-id"
        }
      ],
      "endTime": 1774767189348,
      "message": "",
      "name": "/home/blurbeast/works/waves/remitlendd/backend/src/__tests__/requestId.test.ts",
      "startTime": 1774767187854,
      "status": "passed",
      "summary": ""
    },
    {
      "assertionResults": [
        {
          "ancestorTitles": ["GET /health"],
          "duration": 32,
          "failing": false,
          "failureDetails": [],
          "failureMessages": [],
          "fullName": "GET /health should return 200 or 503 with a status field",
          "invocations": 1,
          "location": null,
          "numPassingAsserts": 2,
          "retryReasons": [],
          "startAt": 1774767189392,
          "status": "passed",
          "title": "should return 200 or 503 with a status field"
        },
        {
          "ancestorTitles": ["GET /health"],
          "duration": 8,
          "failing": false,
          "failureDetails": [],
          "failureMessages": [],
          "fullName": "GET /health should always report api check as ok",
          "invocations": 1,
          "location": null,
          "numPassingAsserts": 2,
          "retryReasons": [],
          "startAt": 1774767189425,
          "status": "passed",
          "title": "should always report api check as ok"
        },
        {
          "ancestorTitles": ["GET /health"],
          "duration": 5,
          "failing": false,
          "failureDetails": [],
          "failureMessages": [],
          "fullName": "GET /health should return uptime as a number",
          "invocations": 1,
          "location": null,
          "numPassingAsserts": 2,
          "retryReasons": [],
          "startAt": 1774767189433,
          "status": "passed",
          "title": "should return uptime as a number"
        },
        {
          "ancestorTitles": ["GET /health"],
          "duration": 5,
          "failing": false,
          "failureDetails": [],
          "failureMessages": [],
          "fullName": "GET /health should return timestamp as a number",
          "invocations": 1,
          "location": null,
          "numPassingAsserts": 2,
          "retryReasons": [],
          "startAt": 1774767189438,
          "status": "passed",
          "title": "should return timestamp as a number"
        }
      ],
      "endTime": 1774767189445,
      "message": "",
      "name": "/home/blurbeast/works/waves/remitlendd/backend/src/__tests__/health.test.ts",
      "startTime": 1774767187964,
      "status": "passed",
      "summary": ""
    },
    {
      "assertionResults": [
        {
          "ancestorTitles": ["Admin reindex endpoint"],
          "duration": 31,
          "failing": false,
          "failureDetails": [],
          "failureMessages": [],
          "fullName": "Admin reindex endpoint rejects requests without API key",
          "invocations": 1,
          "location": null,
          "numPassingAsserts": 1,
          "retryReasons": [],
          "startAt": 1774767189417,
          "status": "passed",
          "title": "rejects requests without API key"
        },
        {
          "ancestorTitles": ["Admin reindex endpoint"],
          "duration": 11,
          "failing": false,
          "failureDetails": [],
          "failureMessages": [],
          "fullName": "Admin reindex endpoint validates ledger range query parameters",
          "invocations": 1,
          "location": null,
          "numPassingAsserts": 2,
          "retryReasons": [],
          "startAt": 1774767189449,
          "status": "passed",
          "title": "validates ledger range query parameters"
        }
      ],
      "endTime": 1774767189461,
      "message": "",
      "name": "/home/blurbeast/works/waves/remitlendd/backend/src/__tests__/adminReindex.test.ts",
      "startTime": 1774767187954,
      "status": "passed",
      "summary": ""
    },
    {
      "assertionResults": [
        {
          "ancestorTitles": ["Health Check Endpoint"],
          "duration": 15,
          "failing": false,
          "failureDetails": [],
          "failureMessages": [],
          "fullName": "Health Check Endpoint should return 200 and a running message on GET /",
          "invocations": 1,
          "location": null,
          "numPassingAsserts": 2,
          "retryReasons": [],
          "startAt": 1774767189521,
          "status": "passed",
          "title": "should return 200 and a running message on GET /"
        }
      ],
      "endTime": 1774767189537,
      "message": "",
      "name": "/home/blurbeast/works/waves/remitlendd/backend/src/tests/health.test.ts",
      "startTime": 1774767188046,
      "status": "passed",
      "summary": ""
    }
  ],
  "wasInterrupted": false
}
